<?xml version="1.0" encoding="UTF-8" ?>
<testsuite failures="0" time="0.152" errors="0" skipped="0" tests="1" name="org.mule.tools.cargo.test.ITTest">
  <properties>
    <property name="java.runtime.name" value="Java(TM) SE Runtime Environment"/>
    <property name="sun.boot.library.path" value="/System/Library/Java/JavaVirtualMachines/1.6.0.jdk/Contents/Libraries"/>
    <property name="java.vm.version" value="17.1-b03-307"/>
    <property name="awt.nativeDoubleBuffering" value="true"/>
    <property name="gopherProxySet" value="false"/>
    <property name="mrj.build" value="10M3314"/>
    <property name="java.vm.vendor" value="Apple Inc."/>
    <property name="java.vendor.url" value="http://www.apple.com/"/>
    <property name="path.separator" value=":"/>
    <property name="java.vm.name" value="Java HotSpot(TM) 64-Bit Server VM"/>
    <property name="file.encoding.pkg" value="sun.io"/>
    <property name="user.country" value="US"/>
    <property name="sun.java.launcher" value="SUN_STANDARD"/>
    <property name="sun.os.patch.level" value="unknown"/>
    <property name="java.vm.specification.name" value="Java Virtual Machine Specification"/>
    <property name="user.dir" value="/Users/julien/Documents/Projects/cargo-mule-container/integration-tests/installed"/>
    <property name="java.runtime.version" value="1.6.0_22-b04-307-10M3314"/>
    <property name="java.awt.graphicsenv" value="apple.awt.CGraphicsEnvironment"/>
    <property name="basedir" value="/Users/julien/Documents/Projects/cargo-mule-container/integration-tests/installed"/>
    <property name="java.endorsed.dirs" value="/System/Library/Java/JavaVirtualMachines/1.6.0.jdk/Contents/Home/lib/endorsed"/>
    <property name="os.arch" value="x86_64"/>
    <property name="surefire.real.class.path" value="/Users/julien/Documents/Projects/cargo-mule-container/integration-tests/installed/target/surefire/surefirebooter2735066810308759118.jar"/>
    <property name="java.io.tmpdir" value="/var/folders/kK/kKEipfUbE4akUu3Ok5In4k+++TI/-Tmp-/"/>
    <property name="line.separator" value="
"/>
    <property name="java.vm.specification.vendor" value="Sun Microsystems Inc."/>
    <property name="os.name" value="Mac OS X"/>
    <property name="sun.jnu.encoding" value="MacRoman"/>
    <property name="java.library.path" value=".:/Library/Java/Extensions:/System/Library/Java/Extensions:/usr/lib/java"/>
    <property name="surefire.test.class.path" value="/Users/julien/Documents/Projects/cargo-mule-container/integration-tests/installed/target/test-classes:/Users/julien/Documents/Projects/cargo-mule-container/integration-tests/installed/target/classes:/Users/julien/Documents/Projects/cargo-mule-container/container/target/container-0.9.0-SNAPSHOT.jar:/Users/julien/.m2/repository/org/codehaus/cargo/cargo-core-api-container/1.0.6/cargo-core-api-container-1.0.6.jar:/Users/julien/.m2/repository/org/codehaus/cargo/cargo-core-api-module/1.0.6/cargo-core-api-module-1.0.6.jar:/Users/julien/.m2/repository/org/codehaus/cargo/cargo-core-api-util/1.0.6/cargo-core-api-util-1.0.6.jar:/Users/julien/.m2/repository/org/apache/ant/ant/1.7.1/ant-1.7.1.jar:/Users/julien/.m2/repository/org/apache/ant/ant-launcher/1.7.1/ant-launcher-1.7.1.jar:/Users/julien/.m2/repository/dom4j/dom4j/1.4/dom4j-1.4.jar:/Users/julien/.m2/repository/xml-apis/xml-apis/1.0.b2/xml-apis-1.0.b2.jar:/Users/julien/.m2/repository/jaxen/jaxen/1.0-FCS/jaxen-1.0-FCS.jar:/Users/julien/.m2/repository/saxpath/saxpath/1.0-FCS/saxpath-1.0-FCS.jar:/Users/julien/.m2/repository/msv/msv/20020414/msv-20020414.jar:/Users/julien/.m2/repository/relaxngDatatype/relaxngDatatype/20020414/relaxngDatatype-20020414.jar:/Users/julien/.m2/repository/isorelax/isorelax/20020414/isorelax-20020414.jar:/Users/julien/.m2/repository/jdom/jdom/1.0/jdom-1.0.jar:/Users/julien/.m2/repository/org/apache/geronimo/specs/geronimo-j2ee-deployment_1.1_spec/1.1/geronimo-j2ee-deployment_1.1_spec-1.1.jar:/Users/julien/.m2/repository/org/mule/mule-core/3.1.1/mule-core-3.1.1.jar:/Users/julien/.m2/repository/commons-beanutils/commons-beanutils/1.8.0/commons-beanutils-1.8.0.jar:/Users/julien/.m2/repository/org/safehaus/jug/jug/2.0.0/jug-2.0.0-asl.jar:/Users/julien/.m2/repository/backport-util-concurrent/backport-util-concurrent/3.1-osgi/backport-util-concurrent-3.1-osgi.jar:/Users/julien/.m2/repository/commons-cli/commons-cli/1.2/commons-cli-1.2.jar:/Users/julien/.m2/repository/commons-collections/commons-collections/3.2.1/commons-collections-3.2.1.jar:/Users/julien/.m2/repository/commons-io/commons-io/1.4/commons-io-1.4.jar:/Users/julien/.m2/repository/commons-lang/commons-lang/2.4/commons-lang-2.4.jar:/Users/julien/.m2/repository/commons-pool/commons-pool/1.5.3/commons-pool-1.5.3.jar:/Users/julien/.m2/repository/javax/activation/activation/1.1-osgi/activation-1.1-osgi.jar:/Users/julien/.m2/repository/org/apache/geronimo/specs/geronimo-jta_1.0.1B_spec/1.1-osgi/geronimo-jta_1.0.1B_spec-1.1-osgi.jar:/Users/julien/.m2/repository/org/apache/geronimo/specs/geronimo-j2ee-connector_1.5_spec/1.1-osgi/geronimo-j2ee-connector_1.5_spec-1.1-osgi.jar:/Users/julien/.m2/repository/javax/annotation/jsr250-api/1.0/jsr250-api-1.0.jar:/Users/julien/.m2/repository/org/slf4j/jcl-over-slf4j/1.6.1/jcl-over-slf4j-1.6.1.jar:/Users/julien/.m2/repository/org/slf4j/slf4j-api/1.6.1/slf4j-api-1.6.1.jar:/Users/julien/.m2/repository/org/slf4j/slf4j-log4j12/1.6.1/slf4j-log4j12-1.6.1.jar:/Users/julien/.m2/repository/log4j/log4j/1.2.14/log4j-1.2.14.jar:/Users/julien/.m2/repository/asm/asm/3.1/asm-3.1.jar:/Users/julien/.m2/repository/asm/asm-commons/3.1/asm-commons-3.1.jar:/Users/julien/.m2/repository/asm/asm-tree/3.1/asm-tree-3.1.jar:/Users/julien/.m2/repository/junit/junit/4.8.1/junit-4.8.1.jar:/Users/julien/.m2/repository/org/mule/modules/mule-module-launcher/3.1.1/mule-module-launcher-3.1.1.jar:/Users/julien/.m2/repository/org/mule/modules/mule-module-reboot/3.1.1/mule-module-reboot-3.1.1.jar:/Users/julien/.m2/repository/tanukisoft/wrapper/3.2.3/wrapper-3.2.3.jar:"/>
    <property name="java.specification.name" value="Java Platform API Specification"/>
    <property name="java.class.version" value="50.0"/>
    <property name="sun.management.compiler" value="HotSpot 64-Bit Server Compiler"/>
    <property name="os.version" value="10.6.6"/>
    <property name="http.nonProxyHosts" value="local|*.local|169.254/16|*.169.254/16"/>
    <property name="user.home" value="/Users/julien"/>
    <property name="user.timezone" value=""/>
    <property name="java.awt.printerjob" value="apple.awt.CPrinterJob"/>
    <property name="java.specification.version" value="1.6"/>
    <property name="file.encoding" value="MacRoman"/>
    <property name="user.name" value="julien"/>
    <property name="java.class.path" value="/Users/julien/Documents/Projects/cargo-mule-container/integration-tests/installed/target/test-classes:/Users/julien/Documents/Projects/cargo-mule-container/integration-tests/installed/target/classes:/Users/julien/Documents/Projects/cargo-mule-container/container/target/container-0.9.0-SNAPSHOT.jar:/Users/julien/.m2/repository/org/codehaus/cargo/cargo-core-api-container/1.0.6/cargo-core-api-container-1.0.6.jar:/Users/julien/.m2/repository/org/codehaus/cargo/cargo-core-api-module/1.0.6/cargo-core-api-module-1.0.6.jar:/Users/julien/.m2/repository/org/codehaus/cargo/cargo-core-api-util/1.0.6/cargo-core-api-util-1.0.6.jar:/Users/julien/.m2/repository/org/apache/ant/ant/1.7.1/ant-1.7.1.jar:/Users/julien/.m2/repository/org/apache/ant/ant-launcher/1.7.1/ant-launcher-1.7.1.jar:/Users/julien/.m2/repository/dom4j/dom4j/1.4/dom4j-1.4.jar:/Users/julien/.m2/repository/xml-apis/xml-apis/1.0.b2/xml-apis-1.0.b2.jar:/Users/julien/.m2/repository/jaxen/jaxen/1.0-FCS/jaxen-1.0-FCS.jar:/Users/julien/.m2/repository/saxpath/saxpath/1.0-FCS/saxpath-1.0-FCS.jar:/Users/julien/.m2/repository/msv/msv/20020414/msv-20020414.jar:/Users/julien/.m2/repository/relaxngDatatype/relaxngDatatype/20020414/relaxngDatatype-20020414.jar:/Users/julien/.m2/repository/isorelax/isorelax/20020414/isorelax-20020414.jar:/Users/julien/.m2/repository/jdom/jdom/1.0/jdom-1.0.jar:/Users/julien/.m2/repository/org/apache/geronimo/specs/geronimo-j2ee-deployment_1.1_spec/1.1/geronimo-j2ee-deployment_1.1_spec-1.1.jar:/Users/julien/.m2/repository/org/mule/mule-core/3.1.1/mule-core-3.1.1.jar:/Users/julien/.m2/repository/commons-beanutils/commons-beanutils/1.8.0/commons-beanutils-1.8.0.jar:/Users/julien/.m2/repository/org/safehaus/jug/jug/2.0.0/jug-2.0.0-asl.jar:/Users/julien/.m2/repository/backport-util-concurrent/backport-util-concurrent/3.1-osgi/backport-util-concurrent-3.1-osgi.jar:/Users/julien/.m2/repository/commons-cli/commons-cli/1.2/commons-cli-1.2.jar:/Users/julien/.m2/repository/commons-collections/commons-collections/3.2.1/commons-collections-3.2.1.jar:/Users/julien/.m2/repository/commons-io/commons-io/1.4/commons-io-1.4.jar:/Users/julien/.m2/repository/commons-lang/commons-lang/2.4/commons-lang-2.4.jar:/Users/julien/.m2/repository/commons-pool/commons-pool/1.5.3/commons-pool-1.5.3.jar:/Users/julien/.m2/repository/javax/activation/activation/1.1-osgi/activation-1.1-osgi.jar:/Users/julien/.m2/repository/org/apache/geronimo/specs/geronimo-jta_1.0.1B_spec/1.1-osgi/geronimo-jta_1.0.1B_spec-1.1-osgi.jar:/Users/julien/.m2/repository/org/apache/geronimo/specs/geronimo-j2ee-connector_1.5_spec/1.1-osgi/geronimo-j2ee-connector_1.5_spec-1.1-osgi.jar:/Users/julien/.m2/repository/javax/annotation/jsr250-api/1.0/jsr250-api-1.0.jar:/Users/julien/.m2/repository/org/slf4j/jcl-over-slf4j/1.6.1/jcl-over-slf4j-1.6.1.jar:/Users/julien/.m2/repository/org/slf4j/slf4j-api/1.6.1/slf4j-api-1.6.1.jar:/Users/julien/.m2/repository/org/slf4j/slf4j-log4j12/1.6.1/slf4j-log4j12-1.6.1.jar:/Users/julien/.m2/repository/log4j/log4j/1.2.14/log4j-1.2.14.jar:/Users/julien/.m2/repository/asm/asm/3.1/asm-3.1.jar:/Users/julien/.m2/repository/asm/asm-commons/3.1/asm-commons-3.1.jar:/Users/julien/.m2/repository/asm/asm-tree/3.1/asm-tree-3.1.jar:/Users/julien/.m2/repository/junit/junit/4.8.1/junit-4.8.1.jar:/Users/julien/.m2/repository/org/mule/modules/mule-module-launcher/3.1.1/mule-module-launcher-3.1.1.jar:/Users/julien/.m2/repository/org/mule/modules/mule-module-reboot/3.1.1/mule-module-reboot-3.1.1.jar:/Users/julien/.m2/repository/tanukisoft/wrapper/3.2.3/wrapper-3.2.3.jar:"/>
    <property name="java.vm.specification.version" value="1.0"/>
    <property name="sun.arch.data.model" value="64"/>
    <property name="java.home" value="/System/Library/Java/JavaVirtualMachines/1.6.0.jdk/Contents/Home"/>
    <property name="java.specification.vendor" value="Sun Microsystems Inc."/>
    <property name="user.language" value="en"/>
    <property name="awt.toolkit" value="apple.awt.CToolkit"/>
    <property name="java.vm.info" value="mixed mode"/>
    <property name="java.version" value="1.6.0_22"/>
    <property name="java.ext.dirs" value="/Library/Java/Extensions:/System/Library/Java/Extensions:/System/Library/Java/JavaVirtualMachines/1.6.0.jdk/Contents/Home/lib/ext"/>
    <property name="sun.boot.class.path" value="/System/Library/Java/JavaVirtualMachines/1.6.0.jdk/Contents/Classes/jsfd.jar:/System/Library/Java/JavaVirtualMachines/1.6.0.jdk/Contents/Classes/classes.jar:/System/Library/Frameworks/JavaVM.framework/Frameworks/JavaRuntimeSupport.framework/Resources/Java/JavaRuntimeSupport.jar:/System/Library/Java/JavaVirtualMachines/1.6.0.jdk/Contents/Classes/ui.jar:/System/Library/Java/JavaVirtualMachines/1.6.0.jdk/Contents/Classes/laf.jar:/System/Library/Java/JavaVirtualMachines/1.6.0.jdk/Contents/Classes/sunrsasign.jar:/System/Library/Java/JavaVirtualMachines/1.6.0.jdk/Contents/Classes/jsse.jar:/System/Library/Java/JavaVirtualMachines/1.6.0.jdk/Contents/Classes/jce.jar:/System/Library/Java/JavaVirtualMachines/1.6.0.jdk/Contents/Classes/charsets.jar"/>
    <property name="java.vendor" value="Apple Inc."/>
    <property name="localRepository" value="/Users/julien/.m2/repository"/>
    <property name="file.separator" value="/"/>
    <property name="java.vendor.url.bug" value="http://bugreport.apple.com/"/>
    <property name="sun.cpu.endian" value="little"/>
    <property name="sun.io.unicode.encoding" value="UnicodeLittle"/>
    <property name="mrj.version" value="1060.1.6.0_22-307"/>
    <property name="socksNonProxyHosts" value="local|*.local|169.254/16|*.169.254/16"/>
    <property name="ftp.nonProxyHosts" value="local|*.local|169.254/16|*.169.254/16"/>
    <property name="sun.cpu.isalist" value=""/>
  </properties>
  <testcase time="0.073" classname="org.mule.tools.cargo.test.ITTest" name="test"/>
</testsuite>